<?xml version="1.0" encoding="UTF-8"?>
<!-- Generated by org.testng.reporters.JUnitReportReporter -->
<testsuite hostname="LAPTOP-AAKS8C7V" failures="0" tests="5" name="com.testrunners.TestRunner" time="150.400" errors="0" timestamp="08 Oct 2023 18:22:10 GMT" skipped="0">
  <testcase classname="com.testrunners.TestRunner" name="runScenario" time="21.577"/>
  <testcase classname="com.testrunners.TestRunner" name="runScenario" time="36.694"/>
  <testcase classname="com.testrunners.TestRunner" name="runScenario" time="21.577"/>
  <testcase classname="com.testrunners.TestRunner" name="runScenario" time="50.849"/>
  <testcase classname="com.testrunners.TestRunner" name="runScenario" time="19.703"/>
</testsuite> <!-- com.testrunners.TestRunner -->
