<?xml version="1.0" encoding="UTF-8"?>
<!-- Generated by org.testng.reporters.JUnitReportReporter -->
<testsuite hostname="LAPTOP-AAKS8C7V" failures="0" tests="1" name="com.testrunners.Test1" time="30.880" errors="0" timestamp="08 Oct 2023 17:57:12 GMT" skipped="0">
  <testcase classname="com.testrunners.Test1" name="testing" time="30.880"/>
</testsuite> <!-- com.testrunners.Test1 -->
